{"name": "test_products_group", "status": "skipped", "statusDetails": {"message": "XFAIL Wait for fix bug\n\nselenium.common.exceptions.ElementClickInterceptedException: Message: element click intercepted: Element <a href=\"https://testqastudio.me?products_group=sale\" class=\"tab-sale \">...</a> is not clickable at point (708, 690). Other element would receive the click: <div class=\"catalog-toolbar-tabs__content\">...</div>\n  (Session info: chrome=121.0.6167.86)\nStacktrace:\n\tGetHandleVerifier [0x00007FF6BBC85E42+3538674]\n\t(No symbol) [0x00007FF6BB8A4C02]\n\t(No symbol) [0x00007FF6BB755AEB]\n\t(No symbol) [0x00007FF6BB7A33E4]\n\t(No symbol) [0x00007FF6BB7A1122]\n\t(No symbol) [0x00007FF6BB79E884]\n\t(No symbol) [0x00007FF6BB79D5A9]\n\t(No symbol) [0x00007FF6BB791950]\n\t(No symbol) [0x00007FF6BB7BF0AA]\n\t(No symbol) [0x00007FF6BB79124A]\n\t(No symbol) [0x00007FF6BB7BF2C0]\n\t(No symbol) [0x00007FF6BB7DBDE3]\n\t(No symbol) [0x00007FF6BB7BEE53]\n\t(No symbol) [0x00007FF6BB78F514]\n\t(No symbol) [0x00007FF6BB790631]\n\tGetHandleVerifier [0x00007FF6BBCB6CAD+3738973]\n\tGetHandleVerifier [0x00007FF6BBD0C506+4089270]\n\tGetHandleVerifier [0x00007FF6BBD04823+4057299]\n\tGetHandleVerifier [0x00007FF6BB9D5C49+720121]\n\t(No symbol) [0x00007FF6BB8B126F]\n\t(No symbol) [0x00007FF6BB8AC304]\n\t(No symbol) [0x00007FF6BB8AC432]\n\t(No symbol) [0x00007FF6BB89BD04]\n\tBaseThreadInitThunk [0x00007FFB46F57344+20]\n\tRtlUserThreadStart [0x00007FFB475E26B1+33]", "trace": "tests\\test_shop.py:49: in test_products_group\n    element.click()\n        browser    = <selenium.webdriver.chrome.webdriver.WebDriver (session=\"1842558f504426958ddcbb3cee89414e\")>\n        element    = <selenium.webdriver.remote.webelement.WebElement (session=\"1842558f504426958ddcbb3cee89414e\", element=\"A902E7EC3A9E4F65CA33F6F68290411D_element_121\")>\n        elements   = [<selenium.webdriver.remote.webelement.WebElement (session=\"1842558f504426958ddcbb3cee89414e\", element=\"14934423E3A9EE...lement.WebElement (session=\"1842558f504426958ddcbb3cee89414e\", element=\"14934423E3A9EEF25CE882F6ECAC3326_element_59\")>]\n        expected_menu = [('Все', '', \"[class='tab-all active']\"), ('Бестселлеры', '/?products_group=best_sellers', \"[class='tab-best_sellers '... '/?products_group=new', \"[class='tab-new ']\"), ('Распродажа товаров', '/?products_group=sale', \"[class='tab-sale ']\")]\n        item       = ('Распродажа товаров', '/?products_group=sale', \"[class='tab-sale ']\")\n        menu_element = \"[class='catalog-toolbar-tabs__content'] a\"\nC:\\Python311\\Lib\\site-packages\\selenium\\webdriver\\remote\\webelement.py:94: in click\n    self._execute(Command.CLICK_ELEMENT)\n        self       = <selenium.webdriver.remote.webelement.WebElement (session=\"1842558f504426958ddcbb3cee89414e\", element=\"A902E7EC3A9E4F65CA33F6F68290411D_element_121\")>\nC:\\Python311\\Lib\\site-packages\\selenium\\webdriver\\remote\\webelement.py:395: in _execute\n    return self._parent.execute(command, params)\n        command    = 'clickElement'\n        params     = {'id': 'A902E7EC3A9E4F65CA33F6F68290411D_element_121'}\n        self       = <selenium.webdriver.remote.webelement.WebElement (session=\"1842558f504426958ddcbb3cee89414e\", element=\"A902E7EC3A9E4F65CA33F6F68290411D_element_121\")>\nC:\\Python311\\Lib\\site-packages\\selenium\\webdriver\\remote\\webdriver.py:347: in execute\n    self.error_handler.check_response(response)\n        driver_command = 'clickElement'\n        params     = {}\n        response   = {'status': 400, 'value': '{\"value\":{\"error\":\"element click intercepted\",\"message\":\"element click intercepted: Element ...07FF6BB89BD04]\\\\n\\\\tBaseThreadInitThunk [0x00007FFB46F57344+20]\\\\n\\\\tRtlUserThreadStart [0x00007FFB475E26B1+33]\\\\n\"}}'}\n        self       = <selenium.webdriver.chrome.webdriver.WebDriver (session=\"1842558f504426958ddcbb3cee89414e\")>\nC:\\Python311\\Lib\\site-packages\\selenium\\webdriver\\remote\\errorhandler.py:229: in check_response\n    raise exception_class(message, screen, stacktrace)\nE   selenium.common.exceptions.ElementClickInterceptedException: Message: element click intercepted: Element <a href=\"https://testqastudio.me?products_group=sale\" class=\"tab-sale \">...</a> is not clickable at point (708, 690). Other element would receive the click: <div class=\"catalog-toolbar-tabs__content\">...</div>\nE     (Session info: chrome=121.0.6167.86)\nE   Stacktrace:\nE   \tGetHandleVerifier [0x00007FF6BBC85E42+3538674]\nE   \t(No symbol) [0x00007FF6BB8A4C02]\nE   \t(No symbol) [0x00007FF6BB755AEB]\nE   \t(No symbol) [0x00007FF6BB7A33E4]\nE   \t(No symbol) [0x00007FF6BB7A1122]\nE   \t(No symbol) [0x00007FF6BB79E884]\nE   \t(No symbol) [0x00007FF6BB79D5A9]\nE   \t(No symbol) [0x00007FF6BB791950]\nE   \t(No symbol) [0x00007FF6BB7BF0AA]\nE   \t(No symbol) [0x00007FF6BB79124A]\nE   \t(No symbol) [0x00007FF6BB7BF2C0]\nE   \t(No symbol) [0x00007FF6BB7DBDE3]\nE   \t(No symbol) [0x00007FF6BB7BEE53]\nE   \t(No symbol) [0x00007FF6BB78F514]\nE   \t(No symbol) [0x00007FF6BB790631]\nE   \tGetHandleVerifier [0x00007FF6BBCB6CAD+3738973]\nE   \tGetHandleVerifier [0x00007FF6BBD0C506+4089270]\nE   \tGetHandleVerifier [0x00007FF6BBD04823+4057299]\nE   \tGetHandleVerifier [0x00007FF6BB9D5C49+720121]\nE   \t(No symbol) [0x00007FF6BB8B126F]\nE   \t(No symbol) [0x00007FF6BB8AC304]\nE   \t(No symbol) [0x00007FF6BB8AC432]\nE   \t(No symbol) [0x00007FF6BB89BD04]\nE   \tBaseThreadInitThunk [0x00007FFB46F57344+20]\nE   \tRtlUserThreadStart [0x00007FFB475E26B1+33]\n        e          = <selenium.webdriver.remote.errorhandler.ErrorCode object at 0x0000024E3C2CC690>\n        error_code = 'ELEMENT_CLICK_INTERCEPTED'\n        error_codes = ['ELEMENT_CLICK_INTERCEPTED', 'ELEMENT_IS_NOT_SELECTABLE', 'ELEMENT_NOT_INTERACTABLE', 'ELEMENT_NOT_VISIBLE', 'IME_ENGINE_ACTIVATION_FAILED', 'IME_NOT_AVAILABLE', ...]\n        error_info = [64, 'element click intercepted']\n        exception_class = <class 'selenium.common.exceptions.ElementClickInterceptedException'>\n        json       = <module 'json' from 'C:\\\\Python311\\\\Lib\\\\json\\\\__init__.py'>\n        message    = 'element click intercepted: Element <a href=\"https://testqastudio.me?products_group=sale\" class=\"tab-sale \">...</a> is... would receive the click: <div class=\"catalog-toolbar-tabs__content\">...</div>\\n  (Session info: chrome=121.0.6167.86)'\n        response   = {'status': 400, 'value': '{\"value\":{\"error\":\"element click intercepted\",\"message\":\"element click intercepted: Element ...07FF6BB89BD04]\\\\n\\\\tBaseThreadInitThunk [0x00007FFB46F57344+20]\\\\n\\\\tRtlUserThreadStart [0x00007FFB475E26B1+33]\\\\n\"}}'}\n        screen     = None\n        self       = <selenium.webdriver.remote.errorhandler.ErrorHandler object at 0x0000024E3C281290>\n        st_value   = '\\tGetHandleVerifier [0x00007FF6BBC85E42+3538674]\\n\\t(No symbol) [0x00007FF6BB8A4C02]\\n\\t(No symbol) [0x00007FF6BB755A...l) [0x00007FF6BB89BD04]\\n\\tBaseThreadInitThunk [0x00007FFB46F57344+20]\\n\\tRtlUserThreadStart [0x00007FFB475E26B1+33]\\n'\n        stacktrace = ['\\tGetHandleVerifier [0x00007FF6BBC85E42+3538674]', '\\t(No symbol) [0x00007FF6BB8A4C02]', '\\t(No symbol) [0x00007FF6B... '\\t(No symbol) [0x00007FF6BB7A33E4]', '\\t(No symbol) [0x00007FF6BB7A1122]', '\\t(No symbol) [0x00007FF6BB79E884]', ...]\n        status     = 'element click intercepted'\n        value      = {'error': 'element click intercepted', 'message': 'element click intercepted: Element <a href=\"https://testqastudio.me...) [0x00007FF6BB89BD04]\\n\\tBaseThreadInitThunk [0x00007FFB46F57344+20]\\n\\tRtlUserThreadStart [0x00007FFB475E26B1+33]\\n'}\n        value_json = '{\"value\":{\"error\":\"element click intercepted\",\"message\":\"element click intercepted: Element \\\\u003Ca href=\\\\\"https://...007FF6BB89BD04]\\\\n\\\\tBaseThreadInitThunk [0x00007FFB46F57344+20]\\\\n\\\\tRtlUserThreadStart [0x00007FFB475E26B1+33]\\\\n\"}}'"}, "description": "\n    Test case TC-2\n    ", "start": 1706688267258, "stop": 1706688274683, "uuid": "2abf8b0a-bfb3-4ca9-b06b-71e8534c1a0d", "historyId": "4fdd6adba16e950b161eae73ef4ccb14", "testCaseId": "4fdd6adba16e950b161eae73ef4ccb14", "fullName": "tests.test_shop#test_products_group", "labels": [{"name": "tag", "value": "@pytest.mark.xfail(reason='Wait for fix bug')"}, {"name": "parentSuite", "value": "tests"}, {"name": "suite", "value": "test_shop"}, {"name": "host", "value": "LAPTOP-RL84NO79"}, {"name": "thread", "value": "7324-MainThread"}, {"name": "framework", "value": "pytest"}, {"name": "language", "value": "cpython3"}, {"name": "package", "value": "tests.test_shop"}]}